nohup: ignoring input
DataParallel(
  (module): DenseNet(
    (features): Sequential(
      (conv0): Conv2d(3, 96, kernel_size=(7, 7), stride=(2, 2), padding=(3, 3), bias=False)
      (norm0): BatchNorm2d(96, eps=1e-05, momentum=0.1, affine=True, track_running_stats=True)
      (relu0): ReLU(inplace)
      (pool0): MaxPool2d(kernel_size=3, stride=2, padding=1, dilation=1, ceil_mode=False)
      (denseblock1): _DenseBlock(
        (denselayer1): _DenseLayer(
          (norm1): BatchNorm2d(96, eps=1e-05, momentum=0.1, affine=True, track_running_stats=True)
          (relu1): ReLU(inplace)
          (conv1): Conv2d(96, 192, kernel_size=(1, 1), stride=(1, 1), bias=False)
          (norm2): BatchNorm2d(192, eps=1e-05, momentum=0.1, affine=True, track_running_stats=True)
          (relu2): ReLU(inplace)
          (conv2): Conv2d(192, 48, kernel_size=(3, 3), stride=(1, 1), padding=(1, 1), bias=False)
        )
        (denselayer2): _DenseLayer(
          (norm1): BatchNorm2d(144, eps=1e-05, momentum=0.1, affine=True, track_running_stats=True)
          (relu1): ReLU(inplace)
          (conv1): Conv2d(144, 192, kernel_size=(1, 1), stride=(1, 1), bias=False)
          (norm2): BatchNorm2d(192, eps=1e-05, momentum=0.1, affine=True, track_running_stats=True)
          (relu2): ReLU(inplace)
          (conv2): Conv2d(192, 48, kernel_size=(3, 3), stride=(1, 1), padding=(1, 1), bias=False)
        )
        (denselayer3): _DenseLayer(
          (norm1): BatchNorm2d(192, eps=1e-05, momentum=0.1, affine=True, track_running_stats=True)
          (relu1): ReLU(inplace)
          (conv1): Conv2d(192, 192, kernel_size=(1, 1), stride=(1, 1), bias=False)
          (norm2): BatchNorm2d(192, eps=1e-05, momentum=0.1, affine=True, track_running_stats=True)
          (relu2): ReLU(inplace)
          (conv2): Conv2d(192, 48, kernel_size=(3, 3), stride=(1, 1), padding=(1, 1), bias=False)
        )
        (denselayer4): _DenseLayer(
          (norm1): BatchNorm2d(240, eps=1e-05, momentum=0.1, affine=True, track_running_stats=True)
          (relu1): ReLU(inplace)
          (conv1): Conv2d(240, 192, kernel_size=(1, 1), stride=(1, 1), bias=False)
          (norm2): BatchNorm2d(192, eps=1e-05, momentum=0.1, affine=True, track_running_stats=True)
          (relu2): ReLU(inplace)
          (conv2): Conv2d(192, 48, kernel_size=(3, 3), stride=(1, 1), padding=(1, 1), bias=False)
        )
        (denselayer5): _DenseLayer(
          (norm1): BatchNorm2d(288, eps=1e-05, momentum=0.1, affine=True, track_running_stats=True)
          (relu1): ReLU(inplace)
          (conv1): Conv2d(288, 192, kernel_size=(1, 1), stride=(1, 1), bias=False)
          (norm2): BatchNorm2d(192, eps=1e-05, momentum=0.1, affine=True, track_running_stats=True)
          (relu2): ReLU(inplace)
          (conv2): Conv2d(192, 48, kernel_size=(3, 3), stride=(1, 1), padding=(1, 1), bias=False)
        )
        (denselayer6): _DenseLayer(
          (norm1): BatchNorm2d(336, eps=1e-05, momentum=0.1, affine=True, track_running_stats=True)
          (relu1): ReLU(inplace)
          (conv1): Conv2d(336, 192, kernel_size=(1, 1), stride=(1, 1), bias=False)
          (norm2): BatchNorm2d(192, eps=1e-05, momentum=0.1, affine=True, track_running_stats=True)
          (relu2): ReLU(inplace)
          (conv2): Conv2d(192, 48, kernel_size=(3, 3), stride=(1, 1), padding=(1, 1), bias=False)
        )
      )
      (transition1): _Transition(
        (norm): BatchNorm2d(384, eps=1e-05, momentum=0.1, affine=True, track_running_stats=True)
        (relu): ReLU(inplace)
        (conv): Conv2d(384, 192, kernel_size=(1, 1), stride=(1, 1), bias=False)
        (pool): AvgPool2d(kernel_size=2, stride=2, padding=0)
      )
      (denseblock2): _DenseBlock(
        (denselayer1): _DenseLayer(
          (norm1): BatchNorm2d(192, eps=1e-05, momentum=0.1, affine=True, track_running_stats=True)
          (relu1): ReLU(inplace)
          (conv1): Conv2d(192, 192, kernel_size=(1, 1), stride=(1, 1), bias=False)
          (norm2): BatchNorm2d(192, eps=1e-05, momentum=0.1, affine=True, track_running_stats=True)
          (relu2): ReLU(inplace)
          (conv2): Conv2d(192, 48, kernel_size=(3, 3), stride=(1, 1), padding=(1, 1), bias=False)
        )
        (denselayer2): _DenseLayer(
          (norm1): BatchNorm2d(240, eps=1e-05, momentum=0.1, affine=True, track_running_stats=True)
          (relu1): ReLU(inplace)
          (conv1): Conv2d(240, 192, kernel_size=(1, 1), stride=(1, 1), bias=False)
          (norm2): BatchNorm2d(192, eps=1e-05, momentum=0.1, affine=True, track_running_stats=True)
          (relu2): ReLU(inplace)
          (conv2): Conv2d(192, 48, kernel_size=(3, 3), stride=(1, 1), padding=(1, 1), bias=False)
        )
        (denselayer3): _DenseLayer(
          (norm1): BatchNorm2d(288, eps=1e-05, momentum=0.1, affine=True, track_running_stats=True)
          (relu1): ReLU(inplace)
          (conv1): Conv2d(288, 192, kernel_size=(1, 1), stride=(1, 1), bias=False)
          (norm2): BatchNorm2d(192, eps=1e-05, momentum=0.1, affine=True, track_running_stats=True)
          (relu2): ReLU(inplace)
          (conv2): Conv2d(192, 48, kernel_size=(3, 3), stride=(1, 1), padding=(1, 1), bias=False)
        )
        (denselayer4): _DenseLayer(
          (norm1): BatchNorm2d(336, eps=1e-05, momentum=0.1, affine=True, track_running_stats=True)
          (relu1): ReLU(inplace)
          (conv1): Conv2d(336, 192, kernel_size=(1, 1), stride=(1, 1), bias=False)
          (norm2): BatchNorm2d(192, eps=1e-05, momentum=0.1, affine=True, track_running_stats=True)
          (relu2): ReLU(inplace)
          (conv2): Conv2d(192, 48, kernel_size=(3, 3), stride=(1, 1), padding=(1, 1), bias=False)
        )
        (denselayer5): _DenseLayer(
          (norm1): BatchNorm2d(384, eps=1e-05, momentum=0.1, affine=True, track_running_stats=True)
          (relu1): ReLU(inplace)
          (conv1): Conv2d(384, 192, kernel_size=(1, 1), stride=(1, 1), bias=False)
          (norm2): BatchNorm2d(192, eps=1e-05, momentum=0.1, affine=True, track_running_stats=True)
          (relu2): ReLU(inplace)
          (conv2): Conv2d(192, 48, kernel_size=(3, 3), stride=(1, 1), padding=(1, 1), bias=False)
        )
        (denselayer6): _DenseLayer(
          (norm1): BatchNorm2d(432, eps=1e-05, momentum=0.1, affine=True, track_running_stats=True)
          (relu1): ReLU(inplace)
          (conv1): Conv2d(432, 192, kernel_size=(1, 1), stride=(1, 1), bias=False)
          (norm2): BatchNorm2d(192, eps=1e-05, momentum=0.1, affine=True, track_running_stats=True)
          (relu2): ReLU(inplace)
          (conv2): Conv2d(192, 48, kernel_size=(3, 3), stride=(1, 1), padding=(1, 1), bias=False)
        )
        (denselayer7): _DenseLayer(
          (norm1): BatchNorm2d(480, eps=1e-05, momentum=0.1, affine=True, track_running_stats=True)
          (relu1): ReLU(inplace)
          (conv1): Conv2d(480, 192, kernel_size=(1, 1), stride=(1, 1), bias=False)
          (norm2): BatchNorm2d(192, eps=1e-05, momentum=0.1, affine=True, track_running_stats=True)
          (relu2): ReLU(inplace)
          (conv2): Conv2d(192, 48, kernel_size=(3, 3), stride=(1, 1), padding=(1, 1), bias=False)
        )
        (denselayer8): _DenseLayer(
          (norm1): BatchNorm2d(528, eps=1e-05, momentum=0.1, affine=True, track_running_stats=True)
          (relu1): ReLU(inplace)
          (conv1): Conv2d(528, 192, kernel_size=(1, 1), stride=(1, 1), bias=False)
          (norm2): BatchNorm2d(192, eps=1e-05, momentum=0.1, affine=True, track_running_stats=True)
          (relu2): ReLU(inplace)
          (conv2): Conv2d(192, 48, kernel_size=(3, 3), stride=(1, 1), padding=(1, 1), bias=False)
        )
        (denselayer9): _DenseLayer(
          (norm1): BatchNorm2d(576, eps=1e-05, momentum=0.1, affine=True, track_running_stats=True)
          (relu1): ReLU(inplace)
          (conv1): Conv2d(576, 192, kernel_size=(1, 1), stride=(1, 1), bias=False)
          (norm2): BatchNorm2d(192, eps=1e-05, momentum=0.1, affine=True, track_running_stats=True)
          (relu2): ReLU(inplace)
          (conv2): Conv2d(192, 48, kernel_size=(3, 3), stride=(1, 1), padding=(1, 1), bias=False)
        )
        (denselayer10): _DenseLayer(
          (norm1): BatchNorm2d(624, eps=1e-05, momentum=0.1, affine=True, track_running_stats=True)
          (relu1): ReLU(inplace)
          (conv1): Conv2d(624, 192, kernel_size=(1, 1), stride=(1, 1), bias=False)
          (norm2): BatchNorm2d(192, eps=1e-05, momentum=0.1, affine=True, track_running_stats=True)
          (relu2): ReLU(inplace)
          (conv2): Conv2d(192, 48, kernel_size=(3, 3), stride=(1, 1), padding=(1, 1), bias=False)
        )
        (denselayer11): _DenseLayer(
          (norm1): BatchNorm2d(672, eps=1e-05, momentum=0.1, affine=True, track_running_stats=True)
          (relu1): ReLU(inplace)
          (conv1): Conv2d(672, 192, kernel_size=(1, 1), stride=(1, 1), bias=False)
          (norm2): BatchNorm2d(192, eps=1e-05, momentum=0.1, affine=True, track_running_stats=True)
          (relu2): ReLU(inplace)
          (conv2): Conv2d(192, 48, kernel_size=(3, 3), stride=(1, 1), padding=(1, 1), bias=False)
        )
        (denselayer12): _DenseLayer(
          (norm1): BatchNorm2d(720, eps=1e-05, momentum=0.1, affine=True, track_running_stats=True)
          (relu1): ReLU(inplace)
          (conv1): Conv2d(720, 192, kernel_size=(1, 1), stride=(1, 1), bias=False)
          (norm2): BatchNorm2d(192, eps=1e-05, momentum=0.1, affine=True, track_running_stats=True)
          (relu2): ReLU(inplace)
          (conv2): Conv2d(192, 48, kernel_size=(3, 3), stride=(1, 1), padding=(1, 1), bias=False)
        )
      )
      (transition2): _Transition(
        (norm): BatchNorm2d(768, eps=1e-05, momentum=0.1, affine=True, track_running_stats=True)
        (relu): ReLU(inplace)
        (conv): Conv2d(768, 384, kernel_size=(1, 1), stride=(1, 1), bias=False)
        (pool): AvgPool2d(kernel_size=2, stride=2, padding=0)
      )
      (denseblock3): _DenseBlock(
        (denselayer1): _DenseLayer(
          (norm1): BatchNorm2d(384, eps=1e-05, momentum=0.1, affine=True, track_running_stats=True)
          (relu1): ReLU(inplace)
          (conv1): Conv2d(384, 192, kernel_size=(1, 1), stride=(1, 1), bias=False)
          (norm2): BatchNorm2d(192, eps=1e-05, momentum=0.1, affine=True, track_running_stats=True)
          (relu2): ReLU(inplace)
          (conv2): Conv2d(192, 48, kernel_size=(3, 3), stride=(1, 1), padding=(1, 1), bias=False)
        )
        (denselayer2): _DenseLayer(
          (norm1): BatchNorm2d(432, eps=1e-05, momentum=0.1, affine=True, track_running_stats=True)
          (relu1): ReLU(inplace)
          (conv1): Conv2d(432, 192, kernel_size=(1, 1), stride=(1, 1), bias=False)
          (norm2): BatchNorm2d(192, eps=1e-05, momentum=0.1, affine=True, track_running_stats=True)
          (relu2): ReLU(inplace)
          (conv2): Conv2d(192, 48, kernel_size=(3, 3), stride=(1, 1), padding=(1, 1), bias=False)
        )
        (denselayer3): _DenseLayer(
          (norm1): BatchNorm2d(480, eps=1e-05, momentum=0.1, affine=True, track_running_stats=True)
          (relu1): ReLU(inplace)
          (conv1): Conv2d(480, 192, kernel_size=(1, 1), stride=(1, 1), bias=False)
          (norm2): BatchNorm2d(192, eps=1e-05, momentum=0.1, affine=True, track_running_stats=True)
          (relu2): ReLU(inplace)
          (conv2): Conv2d(192, 48, kernel_size=(3, 3), stride=(1, 1), padding=(1, 1), bias=False)
        )
        (denselayer4): _DenseLayer(
          (norm1): BatchNorm2d(528, eps=1e-05, momentum=0.1, affine=True, track_running_stats=True)
          (relu1): ReLU(inplace)
          (conv1): Conv2d(528, 192, kernel_size=(1, 1), stride=(1, 1), bias=False)
          (norm2): BatchNorm2d(192, eps=1e-05, momentum=0.1, affine=True, track_running_stats=True)
          (relu2): ReLU(inplace)
          (conv2): Conv2d(192, 48, kernel_size=(3, 3), stride=(1, 1), padding=(1, 1), bias=False)
        )
        (denselayer5): _DenseLayer(
          (norm1): BatchNorm2d(576, eps=1e-05, momentum=0.1, affine=True, track_running_stats=True)
          (relu1): ReLU(inplace)
          (conv1): Conv2d(576, 192, kernel_size=(1, 1), stride=(1, 1), bias=False)
          (norm2): BatchNorm2d(192, eps=1e-05, momentum=0.1, affine=True, track_running_stats=True)
          (relu2): ReLU(inplace)
          (conv2): Conv2d(192, 48, kernel_size=(3, 3), stride=(1, 1), padding=(1, 1), bias=False)
        )
        (denselayer6): _DenseLayer(
          (norm1): BatchNorm2d(624, eps=1e-05, momentum=0.1, affine=True, track_running_stats=True)
          (relu1): ReLU(inplace)
          (conv1): Conv2d(624, 192, kernel_size=(1, 1), stride=(1, 1), bias=False)
          (norm2): BatchNorm2d(192, eps=1e-05, momentum=0.1, affine=True, track_running_stats=True)
          (relu2): ReLU(inplace)
          (conv2): Conv2d(192, 48, kernel_size=(3, 3), stride=(1, 1), padding=(1, 1), bias=False)
        )
        (denselayer7): _DenseLayer(
          (norm1): BatchNorm2d(672, eps=1e-05, momentum=0.1, affine=True, track_running_stats=True)
          (relu1): ReLU(inplace)
          (conv1): Conv2d(672, 192, kernel_size=(1, 1), stride=(1, 1), bias=False)
          (norm2): BatchNorm2d(192, eps=1e-05, momentum=0.1, affine=True, track_running_stats=True)
          (relu2): ReLU(inplace)
          (conv2): Conv2d(192, 48, kernel_size=(3, 3), stride=(1, 1), padding=(1, 1), bias=False)
        )
        (denselayer8): _DenseLayer(
          (norm1): BatchNorm2d(720, eps=1e-05, momentum=0.1, affine=True, track_running_stats=True)
          (relu1): ReLU(inplace)
          (conv1): Conv2d(720, 192, kernel_size=(1, 1), stride=(1, 1), bias=False)
          (norm2): BatchNorm2d(192, eps=1e-05, momentum=0.1, affine=True, track_running_stats=True)
          (relu2): ReLU(inplace)
          (conv2): Conv2d(192, 48, kernel_size=(3, 3), stride=(1, 1), padding=(1, 1), bias=False)
        )
        (denselayer9): _DenseLayer(
          (norm1): BatchNorm2d(768, eps=1e-05, momentum=0.1, affine=True, track_running_stats=True)
          (relu1): ReLU(inplace)
          (conv1): Conv2d(768, 192, kernel_size=(1, 1), stride=(1, 1), bias=False)
          (norm2): BatchNorm2d(192, eps=1e-05, momentum=0.1, affine=True, track_running_stats=True)
          (relu2): ReLU(inplace)
          (conv2): Conv2d(192, 48, kernel_size=(3, 3), stride=(1, 1), padding=(1, 1), bias=False)
        )
        (denselayer10): _DenseLayer(
          (norm1): BatchNorm2d(816, eps=1e-05, momentum=0.1, affine=True, track_running_stats=True)
          (relu1): ReLU(inplace)
          (conv1): Conv2d(816, 192, kernel_size=(1, 1), stride=(1, 1), bias=False)
          (norm2): BatchNorm2d(192, eps=1e-05, momentum=0.1, affine=True, track_running_stats=True)
          (relu2): ReLU(inplace)
          (conv2): Conv2d(192, 48, kernel_size=(3, 3), stride=(1, 1), padding=(1, 1), bias=False)
        )
        (denselayer11): _DenseLayer(
          (norm1): BatchNorm2d(864, eps=1e-05, momentum=0.1, affine=True, track_running_stats=True)
          (relu1): ReLU(inplace)
          (conv1): Conv2d(864, 192, kernel_size=(1, 1), stride=(1, 1), bias=False)
          (norm2): BatchNorm2d(192, eps=1e-05, momentum=0.1, affine=True, track_running_stats=True)
          (relu2): ReLU(inplace)
          (conv2): Conv2d(192, 48, kernel_size=(3, 3), stride=(1, 1), padding=(1, 1), bias=False)
        )
        (denselayer12): _DenseLayer(
          (norm1): BatchNorm2d(912, eps=1e-05, momentum=0.1, affine=True, track_running_stats=True)
          (relu1): ReLU(inplace)
          (conv1): Conv2d(912, 192, kernel_size=(1, 1), stride=(1, 1), bias=False)
          (norm2): BatchNorm2d(192, eps=1e-05, momentum=0.1, affine=True, track_running_stats=True)
          (relu2): ReLU(inplace)
          (conv2): Conv2d(192, 48, kernel_size=(3, 3), stride=(1, 1), padding=(1, 1), bias=False)
        )
        (denselayer13): _DenseLayer(
          (norm1): BatchNorm2d(960, eps=1e-05, momentum=0.1, affine=True, track_running_stats=True)
          (relu1): ReLU(inplace)
          (conv1): Conv2d(960, 192, kernel_size=(1, 1), stride=(1, 1), bias=False)
          (norm2): BatchNorm2d(192, eps=1e-05, momentum=0.1, affine=True, track_running_stats=True)
          (relu2): ReLU(inplace)
          (conv2): Conv2d(192, 48, kernel_size=(3, 3), stride=(1, 1), padding=(1, 1), bias=False)
        )
        (denselayer14): _DenseLayer(
          (norm1): BatchNorm2d(1008, eps=1e-05, momentum=0.1, affine=True, track_running_stats=True)
          (relu1): ReLU(inplace)
          (conv1): Conv2d(1008, 192, kernel_size=(1, 1), stride=(1, 1), bias=False)
          (norm2): BatchNorm2d(192, eps=1e-05, momentum=0.1, affine=True, track_running_stats=True)
          (relu2): ReLU(inplace)
          (conv2): Conv2d(192, 48, kernel_size=(3, 3), stride=(1, 1), padding=(1, 1), bias=False)
        )
        (denselayer15): _DenseLayer(
          (norm1): BatchNorm2d(1056, eps=1e-05, momentum=0.1, affine=True, track_running_stats=True)
          (relu1): ReLU(inplace)
          (conv1): Conv2d(1056, 192, kernel_size=(1, 1), stride=(1, 1), bias=False)
          (norm2): BatchNorm2d(192, eps=1e-05, momentum=0.1, affine=True, track_running_stats=True)
          (relu2): ReLU(inplace)
          (conv2): Conv2d(192, 48, kernel_size=(3, 3), stride=(1, 1), padding=(1, 1), bias=False)
        )
        (denselayer16): _DenseLayer(
          (norm1): BatchNorm2d(1104, eps=1e-05, momentum=0.1, affine=True, track_running_stats=True)
          (relu1): ReLU(inplace)
          (conv1): Conv2d(1104, 192, kernel_size=(1, 1), stride=(1, 1), bias=False)
          (norm2): BatchNorm2d(192, eps=1e-05, momentum=0.1, affine=True, track_running_stats=True)
          (relu2): ReLU(inplace)
          (conv2): Conv2d(192, 48, kernel_size=(3, 3), stride=(1, 1), padding=(1, 1), bias=False)
        )
        (denselayer17): _DenseLayer(
          (norm1): BatchNorm2d(1152, eps=1e-05, momentum=0.1, affine=True, track_running_stats=True)
          (relu1): ReLU(inplace)
          (conv1): Conv2d(1152, 192, kernel_size=(1, 1), stride=(1, 1), bias=False)
          (norm2): BatchNorm2d(192, eps=1e-05, momentum=0.1, affine=True, track_running_stats=True)
          (relu2): ReLU(inplace)
          (conv2): Conv2d(192, 48, kernel_size=(3, 3), stride=(1, 1), padding=(1, 1), bias=False)
        )
        (denselayer18): _DenseLayer(
          (norm1): BatchNorm2d(1200, eps=1e-05, momentum=0.1, affine=True, track_running_stats=True)
          (relu1): ReLU(inplace)
          (conv1): Conv2d(1200, 192, kernel_size=(1, 1), stride=(1, 1), bias=False)
          (norm2): BatchNorm2d(192, eps=1e-05, momentum=0.1, affine=True, track_running_stats=True)
          (relu2): ReLU(inplace)
          (conv2): Conv2d(192, 48, kernel_size=(3, 3), stride=(1, 1), padding=(1, 1), bias=False)
        )
        (denselayer19): _DenseLayer(
          (norm1): BatchNorm2d(1248, eps=1e-05, momentum=0.1, affine=True, track_running_stats=True)
          (relu1): ReLU(inplace)
          (conv1): Conv2d(1248, 192, kernel_size=(1, 1), stride=(1, 1), bias=False)
          (norm2): BatchNorm2d(192, eps=1e-05, momentum=0.1, affine=True, track_running_stats=True)
          (relu2): ReLU(inplace)
          (conv2): Conv2d(192, 48, kernel_size=(3, 3), stride=(1, 1), padding=(1, 1), bias=False)
        )
        (denselayer20): _DenseLayer(
          (norm1): BatchNorm2d(1296, eps=1e-05, momentum=0.1, affine=True, track_running_stats=True)
          (relu1): ReLU(inplace)
          (conv1): Conv2d(1296, 192, kernel_size=(1, 1), stride=(1, 1), bias=False)
          (norm2): BatchNorm2d(192, eps=1e-05, momentum=0.1, affine=True, track_running_stats=True)
          (relu2): ReLU(inplace)
          (conv2): Conv2d(192, 48, kernel_size=(3, 3), stride=(1, 1), padding=(1, 1), bias=False)
        )
        (denselayer21): _DenseLayer(
          (norm1): BatchNorm2d(1344, eps=1e-05, momentum=0.1, affine=True, track_running_stats=True)
          (relu1): ReLU(inplace)
          (conv1): Conv2d(1344, 192, kernel_size=(1, 1), stride=(1, 1), bias=False)
          (norm2): BatchNorm2d(192, eps=1e-05, momentum=0.1, affine=True, track_running_stats=True)
          (relu2): ReLU(inplace)
          (conv2): Conv2d(192, 48, kernel_size=(3, 3), stride=(1, 1), padding=(1, 1), bias=False)
        )
        (denselayer22): _DenseLayer(
          (norm1): BatchNorm2d(1392, eps=1e-05, momentum=0.1, affine=True, track_running_stats=True)
          (relu1): ReLU(inplace)
          (conv1): Conv2d(1392, 192, kernel_size=(1, 1), stride=(1, 1), bias=False)
          (norm2): BatchNorm2d(192, eps=1e-05, momentum=0.1, affine=True, track_running_stats=True)
          (relu2): ReLU(inplace)
          (conv2): Conv2d(192, 48, kernel_size=(3, 3), stride=(1, 1), padding=(1, 1), bias=False)
        )
        (denselayer23): _DenseLayer(
          (norm1): BatchNorm2d(1440, eps=1e-05, momentum=0.1, affine=True, track_running_stats=True)
          (relu1): ReLU(inplace)
          (conv1): Conv2d(1440, 192, kernel_size=(1, 1), stride=(1, 1), bias=False)
          (norm2): BatchNorm2d(192, eps=1e-05, momentum=0.1, affine=True, track_running_stats=True)
          (relu2): ReLU(inplace)
          (conv2): Conv2d(192, 48, kernel_size=(3, 3), stride=(1, 1), padding=(1, 1), bias=False)
        )
        (denselayer24): _DenseLayer(
          (norm1): BatchNorm2d(1488, eps=1e-05, momentum=0.1, affine=True, track_running_stats=True)
          (relu1): ReLU(inplace)
          (conv1): Conv2d(1488, 192, kernel_size=(1, 1), stride=(1, 1), bias=False)
          (norm2): BatchNorm2d(192, eps=1e-05, momentum=0.1, affine=True, track_running_stats=True)
          (relu2): ReLU(inplace)
          (conv2): Conv2d(192, 48, kernel_size=(3, 3), stride=(1, 1), padding=(1, 1), bias=False)
        )
        (denselayer25): _DenseLayer(
          (norm1): BatchNorm2d(1536, eps=1e-05, momentum=0.1, affine=True, track_running_stats=True)
          (relu1): ReLU(inplace)
          (conv1): Conv2d(1536, 192, kernel_size=(1, 1), stride=(1, 1), bias=False)
          (norm2): BatchNorm2d(192, eps=1e-05, momentum=0.1, affine=True, track_running_stats=True)
          (relu2): ReLU(inplace)
          (conv2): Conv2d(192, 48, kernel_size=(3, 3), stride=(1, 1), padding=(1, 1), bias=False)
        )
        (denselayer26): _DenseLayer(
          (norm1): BatchNorm2d(1584, eps=1e-05, momentum=0.1, affine=True, track_running_stats=True)
          (relu1): ReLU(inplace)
          (conv1): Conv2d(1584, 192, kernel_size=(1, 1), stride=(1, 1), bias=False)
          (norm2): BatchNorm2d(192, eps=1e-05, momentum=0.1, affine=True, track_running_stats=True)
          (relu2): ReLU(inplace)
          (conv2): Conv2d(192, 48, kernel_size=(3, 3), stride=(1, 1), padding=(1, 1), bias=False)
        )
        (denselayer27): _DenseLayer(
          (norm1): BatchNorm2d(1632, eps=1e-05, momentum=0.1, affine=True, track_running_stats=True)
          (relu1): ReLU(inplace)
          (conv1): Conv2d(1632, 192, kernel_size=(1, 1), stride=(1, 1), bias=False)
          (norm2): BatchNorm2d(192, eps=1e-05, momentum=0.1, affine=True, track_running_stats=True)
          (relu2): ReLU(inplace)
          (conv2): Conv2d(192, 48, kernel_size=(3, 3), stride=(1, 1), padding=(1, 1), bias=False)
        )
        (denselayer28): _DenseLayer(
          (norm1): BatchNorm2d(1680, eps=1e-05, momentum=0.1, affine=True, track_running_stats=True)
          (relu1): ReLU(inplace)
          (conv1): Conv2d(1680, 192, kernel_size=(1, 1), stride=(1, 1), bias=False)
          (norm2): BatchNorm2d(192, eps=1e-05, momentum=0.1, affine=True, track_running_stats=True)
          (relu2): ReLU(inplace)
          (conv2): Conv2d(192, 48, kernel_size=(3, 3), stride=(1, 1), padding=(1, 1), bias=False)
        )
        (denselayer29): _DenseLayer(
          (norm1): BatchNorm2d(1728, eps=1e-05, momentum=0.1, affine=True, track_running_stats=True)
          (relu1): ReLU(inplace)
          (conv1): Conv2d(1728, 192, kernel_size=(1, 1), stride=(1, 1), bias=False)
          (norm2): BatchNorm2d(192, eps=1e-05, momentum=0.1, affine=True, track_running_stats=True)
          (relu2): ReLU(inplace)
          (conv2): Conv2d(192, 48, kernel_size=(3, 3), stride=(1, 1), padding=(1, 1), bias=False)
        )
        (denselayer30): _DenseLayer(
          (norm1): BatchNorm2d(1776, eps=1e-05, momentum=0.1, affine=True, track_running_stats=True)
          (relu1): ReLU(inplace)
          (conv1): Conv2d(1776, 192, kernel_size=(1, 1), stride=(1, 1), bias=False)
          (norm2): BatchNorm2d(192, eps=1e-05, momentum=0.1, affine=True, track_running_stats=True)
          (relu2): ReLU(inplace)
          (conv2): Conv2d(192, 48, kernel_size=(3, 3), stride=(1, 1), padding=(1, 1), bias=False)
        )
        (denselayer31): _DenseLayer(
          (norm1): BatchNorm2d(1824, eps=1e-05, momentum=0.1, affine=True, track_running_stats=True)
          (relu1): ReLU(inplace)
          (conv1): Conv2d(1824, 192, kernel_size=(1, 1), stride=(1, 1), bias=False)
          (norm2): BatchNorm2d(192, eps=1e-05, momentum=0.1, affine=True, track_running_stats=True)
          (relu2): ReLU(inplace)
          (conv2): Conv2d(192, 48, kernel_size=(3, 3), stride=(1, 1), padding=(1, 1), bias=False)
        )
        (denselayer32): _DenseLayer(
          (norm1): BatchNorm2d(1872, eps=1e-05, momentum=0.1, affine=True, track_running_stats=True)
          (relu1): ReLU(inplace)
          (conv1): Conv2d(1872, 192, kernel_size=(1, 1), stride=(1, 1), bias=False)
          (norm2): BatchNorm2d(192, eps=1e-05, momentum=0.1, affine=True, track_running_stats=True)
          (relu2): ReLU(inplace)
          (conv2): Conv2d(192, 48, kernel_size=(3, 3), stride=(1, 1), padding=(1, 1), bias=False)
        )
        (denselayer33): _DenseLayer(
          (norm1): BatchNorm2d(1920, eps=1e-05, momentum=0.1, affine=True, track_running_stats=True)
          (relu1): ReLU(inplace)
          (conv1): Conv2d(1920, 192, kernel_size=(1, 1), stride=(1, 1), bias=False)
          (norm2): BatchNorm2d(192, eps=1e-05, momentum=0.1, affine=True, track_running_stats=True)
          (relu2): ReLU(inplace)
          (conv2): Conv2d(192, 48, kernel_size=(3, 3), stride=(1, 1), padding=(1, 1), bias=False)
        )
        (denselayer34): _DenseLayer(
          (norm1): BatchNorm2d(1968, eps=1e-05, momentum=0.1, affine=True, track_running_stats=True)
          (relu1): ReLU(inplace)
          (conv1): Conv2d(1968, 192, kernel_size=(1, 1), stride=(1, 1), bias=False)
          (norm2): BatchNorm2d(192, eps=1e-05, momentum=0.1, affine=True, track_running_stats=True)
          (relu2): ReLU(inplace)
          (conv2): Conv2d(192, 48, kernel_size=(3, 3), stride=(1, 1), padding=(1, 1), bias=False)
        )
        (denselayer35): _DenseLayer(
          (norm1): BatchNorm2d(2016, eps=1e-05, momentum=0.1, affine=True, track_running_stats=True)
          (relu1): ReLU(inplace)
          (conv1): Conv2d(2016, 192, kernel_size=(1, 1), stride=(1, 1), bias=False)
          (norm2): BatchNorm2d(192, eps=1e-05, momentum=0.1, affine=True, track_running_stats=True)
          (relu2): ReLU(inplace)
          (conv2): Conv2d(192, 48, kernel_size=(3, 3), stride=(1, 1), padding=(1, 1), bias=False)
        )
        (denselayer36): _DenseLayer(
          (norm1): BatchNorm2d(2064, eps=1e-05, momentum=0.1, affine=True, track_running_stats=True)
          (relu1): ReLU(inplace)
          (conv1): Conv2d(2064, 192, kernel_size=(1, 1), stride=(1, 1), bias=False)
          (norm2): BatchNorm2d(192, eps=1e-05, momentum=0.1, affine=True, track_running_stats=True)
          (relu2): ReLU(inplace)
          (conv2): Conv2d(192, 48, kernel_size=(3, 3), stride=(1, 1), padding=(1, 1), bias=False)
        )
      )
      (transition3): _Transition(
        (norm): BatchNorm2d(2112, eps=1e-05, momentum=0.1, affine=True, track_running_stats=True)
        (relu): ReLU(inplace)
        (conv): Conv2d(2112, 1056, kernel_size=(1, 1), stride=(1, 1), bias=False)
        (pool): AvgPool2d(kernel_size=2, stride=2, padding=0)
      )
      (denseblock4): _DenseBlock(
        (denselayer1): _DenseLayer(
          (norm1): BatchNorm2d(1056, eps=1e-05, momentum=0.1, affine=True, track_running_stats=True)
          (relu1): ReLU(inplace)
          (conv1): Conv2d(1056, 192, kernel_size=(1, 1), stride=(1, 1), bias=False)
          (norm2): BatchNorm2d(192, eps=1e-05, momentum=0.1, affine=True, track_running_stats=True)
          (relu2): ReLU(inplace)
          (conv2): Conv2d(192, 48, kernel_size=(3, 3), stride=(1, 1), padding=(1, 1), bias=False)
        )
        (denselayer2): _DenseLayer(
          (norm1): BatchNorm2d(1104, eps=1e-05, momentum=0.1, affine=True, track_running_stats=True)
          (relu1): ReLU(inplace)
          (conv1): Conv2d(1104, 192, kernel_size=(1, 1), stride=(1, 1), bias=False)
          (norm2): BatchNorm2d(192, eps=1e-05, momentum=0.1, affine=True, track_running_stats=True)
          (relu2): ReLU(inplace)
          (conv2): Conv2d(192, 48, kernel_size=(3, 3), stride=(1, 1), padding=(1, 1), bias=False)
        )
        (denselayer3): _DenseLayer(
          (norm1): BatchNorm2d(1152, eps=1e-05, momentum=0.1, affine=True, track_running_stats=True)
          (relu1): ReLU(inplace)
          (conv1): Conv2d(1152, 192, kernel_size=(1, 1), stride=(1, 1), bias=False)
          (norm2): BatchNorm2d(192, eps=1e-05, momentum=0.1, affine=True, track_running_stats=True)
          (relu2): ReLU(inplace)
          (conv2): Conv2d(192, 48, kernel_size=(3, 3), stride=(1, 1), padding=(1, 1), bias=False)
        )
        (denselayer4): _DenseLayer(
          (norm1): BatchNorm2d(1200, eps=1e-05, momentum=0.1, affine=True, track_running_stats=True)
          (relu1): ReLU(inplace)
          (conv1): Conv2d(1200, 192, kernel_size=(1, 1), stride=(1, 1), bias=False)
          (norm2): BatchNorm2d(192, eps=1e-05, momentum=0.1, affine=True, track_running_stats=True)
          (relu2): ReLU(inplace)
          (conv2): Conv2d(192, 48, kernel_size=(3, 3), stride=(1, 1), padding=(1, 1), bias=False)
        )
        (denselayer5): _DenseLayer(
          (norm1): BatchNorm2d(1248, eps=1e-05, momentum=0.1, affine=True, track_running_stats=True)
          (relu1): ReLU(inplace)
          (conv1): Conv2d(1248, 192, kernel_size=(1, 1), stride=(1, 1), bias=False)
          (norm2): BatchNorm2d(192, eps=1e-05, momentum=0.1, affine=True, track_running_stats=True)
          (relu2): ReLU(inplace)
          (conv2): Conv2d(192, 48, kernel_size=(3, 3), stride=(1, 1), padding=(1, 1), bias=False)
        )
        (denselayer6): _DenseLayer(
          (norm1): BatchNorm2d(1296, eps=1e-05, momentum=0.1, affine=True, track_running_stats=True)
          (relu1): ReLU(inplace)
          (conv1): Conv2d(1296, 192, kernel_size=(1, 1), stride=(1, 1), bias=False)
          (norm2): BatchNorm2d(192, eps=1e-05, momentum=0.1, affine=True, track_running_stats=True)
          (relu2): ReLU(inplace)
          (conv2): Conv2d(192, 48, kernel_size=(3, 3), stride=(1, 1), padding=(1, 1), bias=False)
        )
        (denselayer7): _DenseLayer(
          (norm1): BatchNorm2d(1344, eps=1e-05, momentum=0.1, affine=True, track_running_stats=True)
          (relu1): ReLU(inplace)
          (conv1): Conv2d(1344, 192, kernel_size=(1, 1), stride=(1, 1), bias=False)
          (norm2): BatchNorm2d(192, eps=1e-05, momentum=0.1, affine=True, track_running_stats=True)
          (relu2): ReLU(inplace)
          (conv2): Conv2d(192, 48, kernel_size=(3, 3), stride=(1, 1), padding=(1, 1), bias=False)
        )
        (denselayer8): _DenseLayer(
          (norm1): BatchNorm2d(1392, eps=1e-05, momentum=0.1, affine=True, track_running_stats=True)
          (relu1): ReLU(inplace)
          (conv1): Conv2d(1392, 192, kernel_size=(1, 1), stride=(1, 1), bias=False)
          (norm2): BatchNorm2d(192, eps=1e-05, momentum=0.1, affine=True, track_running_stats=True)
          (relu2): ReLU(inplace)
          (conv2): Conv2d(192, 48, kernel_size=(3, 3), stride=(1, 1), padding=(1, 1), bias=False)
        )
        (denselayer9): _DenseLayer(
          (norm1): BatchNorm2d(1440, eps=1e-05, momentum=0.1, affine=True, track_running_stats=True)
          (relu1): ReLU(inplace)
          (conv1): Conv2d(1440, 192, kernel_size=(1, 1), stride=(1, 1), bias=False)
          (norm2): BatchNorm2d(192, eps=1e-05, momentum=0.1, affine=True, track_running_stats=True)
          (relu2): ReLU(inplace)
          (conv2): Conv2d(192, 48, kernel_size=(3, 3), stride=(1, 1), padding=(1, 1), bias=False)
        )
        (denselayer10): _DenseLayer(
          (norm1): BatchNorm2d(1488, eps=1e-05, momentum=0.1, affine=True, track_running_stats=True)
          (relu1): ReLU(inplace)
          (conv1): Conv2d(1488, 192, kernel_size=(1, 1), stride=(1, 1), bias=False)
          (norm2): BatchNorm2d(192, eps=1e-05, momentum=0.1, affine=True, track_running_stats=True)
          (relu2): ReLU(inplace)
          (conv2): Conv2d(192, 48, kernel_size=(3, 3), stride=(1, 1), padding=(1, 1), bias=False)
        )
        (denselayer11): _DenseLayer(
          (norm1): BatchNorm2d(1536, eps=1e-05, momentum=0.1, affine=True, track_running_stats=True)
          (relu1): ReLU(inplace)
          (conv1): Conv2d(1536, 192, kernel_size=(1, 1), stride=(1, 1), bias=False)
          (norm2): BatchNorm2d(192, eps=1e-05, momentum=0.1, affine=True, track_running_stats=True)
          (relu2): ReLU(inplace)
          (conv2): Conv2d(192, 48, kernel_size=(3, 3), stride=(1, 1), padding=(1, 1), bias=False)
        )
        (denselayer12): _DenseLayer(
          (norm1): BatchNorm2d(1584, eps=1e-05, momentum=0.1, affine=True, track_running_stats=True)
          (relu1): ReLU(inplace)
          (conv1): Conv2d(1584, 192, kernel_size=(1, 1), stride=(1, 1), bias=False)
          (norm2): BatchNorm2d(192, eps=1e-05, momentum=0.1, affine=True, track_running_stats=True)
          (relu2): ReLU(inplace)
          (conv2): Conv2d(192, 48, kernel_size=(3, 3), stride=(1, 1), padding=(1, 1), bias=False)
        )
        (denselayer13): _DenseLayer(
          (norm1): BatchNorm2d(1632, eps=1e-05, momentum=0.1, affine=True, track_running_stats=True)
          (relu1): ReLU(inplace)
          (conv1): Conv2d(1632, 192, kernel_size=(1, 1), stride=(1, 1), bias=False)
          (norm2): BatchNorm2d(192, eps=1e-05, momentum=0.1, affine=True, track_running_stats=True)
          (relu2): ReLU(inplace)
          (conv2): Conv2d(192, 48, kernel_size=(3, 3), stride=(1, 1), padding=(1, 1), bias=False)
        )
        (denselayer14): _DenseLayer(
          (norm1): BatchNorm2d(1680, eps=1e-05, momentum=0.1, affine=True, track_running_stats=True)
          (relu1): ReLU(inplace)
          (conv1): Conv2d(1680, 192, kernel_size=(1, 1), stride=(1, 1), bias=False)
          (norm2): BatchNorm2d(192, eps=1e-05, momentum=0.1, affine=True, track_running_stats=True)
          (relu2): ReLU(inplace)
          (conv2): Conv2d(192, 48, kernel_size=(3, 3), stride=(1, 1), padding=(1, 1), bias=False)
        )
        (denselayer15): _DenseLayer(
          (norm1): BatchNorm2d(1728, eps=1e-05, momentum=0.1, affine=True, track_running_stats=True)
          (relu1): ReLU(inplace)
          (conv1): Conv2d(1728, 192, kernel_size=(1, 1), stride=(1, 1), bias=False)
          (norm2): BatchNorm2d(192, eps=1e-05, momentum=0.1, affine=True, track_running_stats=True)
          (relu2): ReLU(inplace)
          (conv2): Conv2d(192, 48, kernel_size=(3, 3), stride=(1, 1), padding=(1, 1), bias=False)
        )
        (denselayer16): _DenseLayer(
          (norm1): BatchNorm2d(1776, eps=1e-05, momentum=0.1, affine=True, track_running_stats=True)
          (relu1): ReLU(inplace)
          (conv1): Conv2d(1776, 192, kernel_size=(1, 1), stride=(1, 1), bias=False)
          (norm2): BatchNorm2d(192, eps=1e-05, momentum=0.1, affine=True, track_running_stats=True)
          (relu2): ReLU(inplace)
          (conv2): Conv2d(192, 48, kernel_size=(3, 3), stride=(1, 1), padding=(1, 1), bias=False)
        )
        (denselayer17): _DenseLayer(
          (norm1): BatchNorm2d(1824, eps=1e-05, momentum=0.1, affine=True, track_running_stats=True)
          (relu1): ReLU(inplace)
          (conv1): Conv2d(1824, 192, kernel_size=(1, 1), stride=(1, 1), bias=False)
          (norm2): BatchNorm2d(192, eps=1e-05, momentum=0.1, affine=True, track_running_stats=True)
          (relu2): ReLU(inplace)
          (conv2): Conv2d(192, 48, kernel_size=(3, 3), stride=(1, 1), padding=(1, 1), bias=False)
        )
        (denselayer18): _DenseLayer(
          (norm1): BatchNorm2d(1872, eps=1e-05, momentum=0.1, affine=True, track_running_stats=True)
          (relu1): ReLU(inplace)
          (conv1): Conv2d(1872, 192, kernel_size=(1, 1), stride=(1, 1), bias=False)
          (norm2): BatchNorm2d(192, eps=1e-05, momentum=0.1, affine=True, track_running_stats=True)
          (relu2): ReLU(inplace)
          (conv2): Conv2d(192, 48, kernel_size=(3, 3), stride=(1, 1), padding=(1, 1), bias=False)
        )
        (denselayer19): _DenseLayer(
          (norm1): BatchNorm2d(1920, eps=1e-05, momentum=0.1, affine=True, track_running_stats=True)
          (relu1): ReLU(inplace)
          (conv1): Conv2d(1920, 192, kernel_size=(1, 1), stride=(1, 1), bias=False)
          (norm2): BatchNorm2d(192, eps=1e-05, momentum=0.1, affine=True, track_running_stats=True)
          (relu2): ReLU(inplace)
          (conv2): Conv2d(192, 48, kernel_size=(3, 3), stride=(1, 1), padding=(1, 1), bias=False)
        )
        (denselayer20): _DenseLayer(
          (norm1): BatchNorm2d(1968, eps=1e-05, momentum=0.1, affine=True, track_running_stats=True)
          (relu1): ReLU(inplace)
          (conv1): Conv2d(1968, 192, kernel_size=(1, 1), stride=(1, 1), bias=False)
          (norm2): BatchNorm2d(192, eps=1e-05, momentum=0.1, affine=True, track_running_stats=True)
          (relu2): ReLU(inplace)
          (conv2): Conv2d(192, 48, kernel_size=(3, 3), stride=(1, 1), padding=(1, 1), bias=False)
        )
        (denselayer21): _DenseLayer(
          (norm1): BatchNorm2d(2016, eps=1e-05, momentum=0.1, affine=True, track_running_stats=True)
          (relu1): ReLU(inplace)
          (conv1): Conv2d(2016, 192, kernel_size=(1, 1), stride=(1, 1), bias=False)
          (norm2): BatchNorm2d(192, eps=1e-05, momentum=0.1, affine=True, track_running_stats=True)
          (relu2): ReLU(inplace)
          (conv2): Conv2d(192, 48, kernel_size=(3, 3), stride=(1, 1), padding=(1, 1), bias=False)
        )
        (denselayer22): _DenseLayer(
          (norm1): BatchNorm2d(2064, eps=1e-05, momentum=0.1, affine=True, track_running_stats=True)
          (relu1): ReLU(inplace)
          (conv1): Conv2d(2064, 192, kernel_size=(1, 1), stride=(1, 1), bias=False)
          (norm2): BatchNorm2d(192, eps=1e-05, momentum=0.1, affine=True, track_running_stats=True)
          (relu2): ReLU(inplace)
          (conv2): Conv2d(192, 48, kernel_size=(3, 3), stride=(1, 1), padding=(1, 1), bias=False)
        )
        (denselayer23): _DenseLayer(
          (norm1): BatchNorm2d(2112, eps=1e-05, momentum=0.1, affine=True, track_running_stats=True)
          (relu1): ReLU(inplace)
          (conv1): Conv2d(2112, 192, kernel_size=(1, 1), stride=(1, 1), bias=False)
          (norm2): BatchNorm2d(192, eps=1e-05, momentum=0.1, affine=True, track_running_stats=True)
          (relu2): ReLU(inplace)
          (conv2): Conv2d(192, 48, kernel_size=(3, 3), stride=(1, 1), padding=(1, 1), bias=False)
        )
        (denselayer24): _DenseLayer(
          (norm1): BatchNorm2d(2160, eps=1e-05, momentum=0.1, affine=True, track_running_stats=True)
          (relu1): ReLU(inplace)
          (conv1): Conv2d(2160, 192, kernel_size=(1, 1), stride=(1, 1), bias=False)
          (norm2): BatchNorm2d(192, eps=1e-05, momentum=0.1, affine=True, track_running_stats=True)
          (relu2): ReLU(inplace)
          (conv2): Conv2d(192, 48, kernel_size=(3, 3), stride=(1, 1), padding=(1, 1), bias=False)
        )
      )
      (norm5): BatchNorm2d(2208, eps=1e-05, momentum=0.1, affine=True, track_running_stats=True)
    )
    (classifier): Linear(in_features=2208, out_features=3, bias=True)
  )
)
['BLACK', 'WHITE', 'YELLOW']
Epoch 0/29
----------
 train Loss: 0.4035 Acc: 0.8382
 val Loss: 0.2057 Acc: 0.9229

Epoch 1/29
----------
 train Loss: 0.1962 Acc: 0.9256
 val Loss: 0.1559 Acc: 0.9442

Epoch 2/29
----------
 train Loss: 0.1499 Acc: 0.9425
 val Loss: 0.1325 Acc: 0.9500

Epoch 3/29
----------
 train Loss: 0.1245 Acc: 0.9527
 val Loss: 0.1244 Acc: 0.9527

Epoch 4/29
----------
 train Loss: 0.1073 Acc: 0.9589
 val Loss: 0.1368 Acc: 0.9456

Epoch 5/29
----------
 train Loss: 0.0963 Acc: 0.9637
 val Loss: 0.1091 Acc: 0.9601

Epoch 6/29
----------
 train Loss: 0.0872 Acc: 0.9675
 val Loss: 0.1034 Acc: 0.9604

Epoch 7/29
----------
 train Loss: 0.0738 Acc: 0.9739
 val Loss: 0.1146 Acc: 0.9562

Epoch 8/29
----------
 train Loss: 0.0657 Acc: 0.9761
 val Loss: 0.1087 Acc: 0.9603

Epoch 9/29
----------
 train Loss: 0.0586 Acc: 0.9788
 val Loss: 0.1048 Acc: 0.9619

Epoch 10/29
----------
 train Loss: 0.0536 Acc: 0.9802
 val Loss: 0.1148 Acc: 0.9611

Epoch 11/29
----------
 train Loss: 0.0522 Acc: 0.9810
 val Loss: 0.1067 Acc: 0.9617

Epoch 12/29
----------
 train Loss: 0.0437 Acc: 0.9845
 val Loss: 0.1176 Acc: 0.9572

Epoch 13/29
----------
 train Loss: 0.0347 Acc: 0.9881
 val Loss: 0.1072 Acc: 0.9612

Epoch 14/29
----------
 train Loss: 0.0326 Acc: 0.9892
 val Loss: 0.1008 Acc: 0.9641

Epoch 15/29
----------
 train Loss: 0.0322 Acc: 0.9886
 val Loss: 0.0996 Acc: 0.9654

Epoch 16/29
----------
 train Loss: 0.0302 Acc: 0.9897
 val Loss: 0.1010 Acc: 0.9641

Epoch 17/29
----------
 train Loss: 0.0290 Acc: 0.9905
 val Loss: 0.0993 Acc: 0.9659

Epoch 18/29
----------
 train Loss: 0.0277 Acc: 0.9915
 val Loss: 0.1000 Acc: 0.9641

Epoch 19/29
----------
 train Loss: 0.0302 Acc: 0.9895
 val Loss: 0.1023 Acc: 0.9623

Epoch 20/29
----------
 train Loss: 0.0280 Acc: 0.9911
 val Loss: 0.1005 Acc: 0.9641

Epoch 21/29
----------
 train Loss: 0.0305 Acc: 0.9899
 val Loss: 0.1079 Acc: 0.9649

Epoch 22/29
----------
 train Loss: 0.0293 Acc: 0.9904
 val Loss: 0.1026 Acc: 0.9632

Epoch 23/29
----------
 train Loss: 0.0281 Acc: 0.9914
 val Loss: 0.0998 Acc: 0.9641

Epoch 24/29
----------
 train Loss: 0.0268 Acc: 0.9918
 val Loss: 0.0998 Acc: 0.9641

Epoch 25/29
----------
 train Loss: 0.0272 Acc: 0.9912
 val Loss: 0.1037 Acc: 0.9633

Epoch 26/29
----------
 train Loss: 0.0261 Acc: 0.9914
 val Loss: 0.1043 Acc: 0.9636

Epoch 27/29
----------
 train Loss: 0.0282 Acc: 0.9900
 val Loss: 0.1058 Acc: 0.9643

Epoch 28/29
----------
 train Loss: 0.0252 Acc: 0.9924
 val Loss: 0.1076 Acc: 0.9615

Epoch 29/29
----------
 train Loss: 0.0266 Acc: 0.9914
 val Loss: 0.1122 Acc: 0.9635

Train complete in 81m 35s
Best val Acc: 0.965889
