nohup: ignoring input
DataParallel(
  (module): VGG(
    (features): Sequential(
      (0): Conv2d(3, 64, kernel_size=(3, 3), stride=(1, 1), padding=(1, 1))
      (1): ReLU(inplace)
      (2): Conv2d(64, 64, kernel_size=(3, 3), stride=(1, 1), padding=(1, 1))
      (3): ReLU(inplace)
      (4): MaxPool2d(kernel_size=2, stride=2, padding=0, dilation=1, ceil_mode=False)
      (5): Conv2d(64, 128, kernel_size=(3, 3), stride=(1, 1), padding=(1, 1))
      (6): ReLU(inplace)
      (7): Conv2d(128, 128, kernel_size=(3, 3), stride=(1, 1), padding=(1, 1))
      (8): ReLU(inplace)
      (9): MaxPool2d(kernel_size=2, stride=2, padding=0, dilation=1, ceil_mode=False)
      (10): Conv2d(128, 256, kernel_size=(3, 3), stride=(1, 1), padding=(1, 1))
      (11): ReLU(inplace)
      (12): Conv2d(256, 256, kernel_size=(3, 3), stride=(1, 1), padding=(1, 1))
      (13): ReLU(inplace)
      (14): Conv2d(256, 256, kernel_size=(3, 3), stride=(1, 1), padding=(1, 1))
      (15): ReLU(inplace)
      (16): MaxPool2d(kernel_size=2, stride=2, padding=0, dilation=1, ceil_mode=False)
      (17): Conv2d(256, 512, kernel_size=(3, 3), stride=(1, 1), padding=(1, 1))
      (18): ReLU(inplace)
      (19): Conv2d(512, 512, kernel_size=(3, 3), stride=(1, 1), padding=(1, 1))
      (20): ReLU(inplace)
      (21): Conv2d(512, 512, kernel_size=(3, 3), stride=(1, 1), padding=(1, 1))
      (22): ReLU(inplace)
      (23): MaxPool2d(kernel_size=2, stride=2, padding=0, dilation=1, ceil_mode=False)
      (24): Conv2d(512, 512, kernel_size=(3, 3), stride=(1, 1), padding=(1, 1))
      (25): ReLU(inplace)
      (26): Conv2d(512, 512, kernel_size=(3, 3), stride=(1, 1), padding=(1, 1))
      (27): ReLU(inplace)
      (28): Conv2d(512, 512, kernel_size=(3, 3), stride=(1, 1), padding=(1, 1))
      (29): ReLU(inplace)
      (30): MaxPool2d(kernel_size=2, stride=2, padding=0, dilation=1, ceil_mode=False)
    )
    (avgpool): AdaptiveAvgPool2d(output_size=(7, 7))
    (classifier): Sequential(
      (0): Linear(in_features=25088, out_features=4096, bias=True)
      (1): ReLU(inplace)
      (2): Dropout(p=0.5)
      (3): Linear(in_features=4096, out_features=4096, bias=True)
      (4): ReLU(inplace)
      (5): Dropout(p=0.5)
      (6): Linear(in_features=4096, out_features=3, bias=True)
    )
  )
)
['BLACK', 'WHITE', 'YELLOW']
Epoch 0/49
----------
 train Loss: 0.4884 Acc: 0.7940
 val Loss: 0.2524 Acc: 0.8998

Epoch 1/49
----------
 train Loss: 0.2633 Acc: 0.8992
 val Loss: 0.2195 Acc: 0.9173

Epoch 2/49
----------
 train Loss: 0.2233 Acc: 0.9152
 val Loss: 0.2116 Acc: 0.9178

Epoch 3/49
----------
 train Loss: 0.1860 Acc: 0.9284
 val Loss: 0.1640 Acc: 0.9347

Epoch 4/49
----------
 train Loss: 0.1666 Acc: 0.9353
 val Loss: 0.1680 Acc: 0.9345

Epoch 5/49
----------
 train Loss: 0.1523 Acc: 0.9416
 val Loss: 0.1506 Acc: 0.9409

Epoch 6/49
----------
 train Loss: 0.1386 Acc: 0.9466
 val Loss: 0.1502 Acc: 0.9401

Epoch 7/49
----------
 train Loss: 0.1291 Acc: 0.9488
 val Loss: 0.1345 Acc: 0.9482

Epoch 8/49
----------
 train Loss: 0.1189 Acc: 0.9538
 val Loss: 0.1295 Acc: 0.9485

Epoch 9/49
----------
 train Loss: 0.1120 Acc: 0.9585
 val Loss: 0.1453 Acc: 0.9437

Epoch 10/49
----------
 train Loss: 0.1041 Acc: 0.9606
 val Loss: 0.1314 Acc: 0.9463

Epoch 11/49
----------
 train Loss: 0.0994 Acc: 0.9621
 val Loss: 0.1409 Acc: 0.9453

Epoch 12/49
----------
 train Loss: 0.0959 Acc: 0.9625
 val Loss: 0.1329 Acc: 0.9490

Epoch 13/49
----------
 train Loss: 0.0912 Acc: 0.9656
 val Loss: 0.1238 Acc: 0.9509

Epoch 14/49
----------
 train Loss: 0.0845 Acc: 0.9672
 val Loss: 0.1211 Acc: 0.9564

Epoch 15/49
----------
 train Loss: 0.0830 Acc: 0.9671
 val Loss: 0.1288 Acc: 0.9543

Epoch 16/49
----------
 train Loss: 0.0772 Acc: 0.9701
 val Loss: 0.1408 Acc: 0.9493

Epoch 17/49
----------
 train Loss: 0.0726 Acc: 0.9725
 val Loss: 0.1168 Acc: 0.9591

Epoch 18/49
----------
 train Loss: 0.0701 Acc: 0.9737
 val Loss: 0.1488 Acc: 0.9482

Epoch 19/49
----------
 train Loss: 0.0659 Acc: 0.9751
 val Loss: 0.1663 Acc: 0.9432

Epoch 20/49
----------
 train Loss: 0.0654 Acc: 0.9746
 val Loss: 0.1264 Acc: 0.9556

Epoch 21/49
----------
 train Loss: 0.0655 Acc: 0.9759
 val Loss: 0.1160 Acc: 0.9591

Epoch 22/49
----------
 train Loss: 0.0580 Acc: 0.9779
 val Loss: 0.1433 Acc: 0.9492

Epoch 23/49
----------
 train Loss: 0.0414 Acc: 0.9851
 val Loss: 0.1176 Acc: 0.9598

Epoch 24/49
----------
 train Loss: 0.0361 Acc: 0.9863
 val Loss: 0.1222 Acc: 0.9593

Epoch 25/49
----------
 train Loss: 0.0383 Acc: 0.9862
 val Loss: 0.1203 Acc: 0.9609

Epoch 26/49
----------
 train Loss: 0.0352 Acc: 0.9871
 val Loss: 0.1226 Acc: 0.9614

Epoch 27/49
----------
 train Loss: 0.0348 Acc: 0.9872
 val Loss: 0.1224 Acc: 0.9603

Epoch 28/49
----------
 train Loss: 0.0336 Acc: 0.9875
 val Loss: 0.1214 Acc: 0.9607

Epoch 29/49
----------
 train Loss: 0.0347 Acc: 0.9881
 val Loss: 0.1217 Acc: 0.9617

Epoch 30/49
----------
 train Loss: 0.0329 Acc: 0.9881
 val Loss: 0.1243 Acc: 0.9611

Epoch 31/49
----------
 train Loss: 0.0337 Acc: 0.9875
 val Loss: 0.1289 Acc: 0.9609

Epoch 32/49
----------
 train Loss: 0.0326 Acc: 0.9884
 val Loss: 0.1255 Acc: 0.9617

Epoch 33/49
----------
 train Loss: 0.0342 Acc: 0.9872
 val Loss: 0.1232 Acc: 0.9615

Epoch 34/49
----------
 train Loss: 0.0304 Acc: 0.9883
 val Loss: 0.1285 Acc: 0.9607

Epoch 35/49
----------
 train Loss: 0.0305 Acc: 0.9888
 val Loss: 0.1310 Acc: 0.9612

Epoch 36/49
----------
 train Loss: 0.0322 Acc: 0.9886
 val Loss: 0.1275 Acc: 0.9614

Epoch 37/49
----------
 train Loss: 0.0321 Acc: 0.9882
 val Loss: 0.1304 Acc: 0.9609

Epoch 38/49
----------
 train Loss: 0.0304 Acc: 0.9888
 val Loss: 0.1299 Acc: 0.9612

Epoch 39/49
----------
 train Loss: 0.0283 Acc: 0.9896
 val Loss: 0.1273 Acc: 0.9604

Epoch 40/49
----------
 train Loss: 0.0296 Acc: 0.9892
 val Loss: 0.1281 Acc: 0.9614

Epoch 41/49
----------
 train Loss: 0.0306 Acc: 0.9890
 val Loss: 0.1267 Acc: 0.9615

Epoch 42/49
----------
 train Loss: 0.0293 Acc: 0.9893
 val Loss: 0.1277 Acc: 0.9615

Epoch 43/49
----------
 train Loss: 0.0295 Acc: 0.9885
 val Loss: 0.1257 Acc: 0.9615

Epoch 44/49
----------
 train Loss: 0.0291 Acc: 0.9883
 val Loss: 0.1267 Acc: 0.9611

Epoch 45/49
----------
 train Loss: 0.0286 Acc: 0.9897
 val Loss: 0.1289 Acc: 0.9611

Epoch 46/49
----------
 train Loss: 0.0262 Acc: 0.9906
 val Loss: 0.1287 Acc: 0.9614

Epoch 47/49
----------
 train Loss: 0.0252 Acc: 0.9904
 val Loss: 0.1291 Acc: 0.9609

Epoch 48/49
----------
 train Loss: 0.0268 Acc: 0.9900
 val Loss: 0.1293 Acc: 0.9607

Epoch 49/49
----------
 train Loss: 0.0246 Acc: 0.9907
 val Loss: 0.1306 Acc: 0.9611

Train complete in 178m 8s
Best val Acc: 0.961706
